<?xml version="1.0" encoding="UTF-8"?>
<testng-results ignored="0" total="3" passed="3" failed="0" skipped="0">
  <reporter-output>
  </reporter-output>
  <suite started-at="2024-09-17T21:06:39Z" name="Default suite" finished-at="2024-09-17T21:10:04Z" duration-ms="204640">
    <groups>
      <group name="cucumber">
        <method signature="AbstractTestNGCucumberTests.runScenario(io.cucumber.testng.PickleWrapper, io.cucumber.testng.FeatureWrapper)[pri:0, instance:com.automation.runner.TestRunner@14fa86ae]" name="runScenario" class="io.cucumber.testng.AbstractTestNGCucumberTests"/>
      </group> <!-- cucumber -->
    </groups>
    <test started-at="2024-09-17T21:06:39Z" name="Default test" finished-at="2024-09-17T21:10:04Z" duration-ms="204640">
      <class name="com.automation.runner.TestRunner">
        <test-method is-config="true" signature="setUpClass(org.testng.ITestContext)[pri:0, instance:com.automation.runner.TestRunner@14fa86ae]" started-at="2024-09-17T21:06:39Z" name="setUpClass" finished-at="2024-09-17T21:06:42Z" duration-ms="2478" status="PASS">
          <params>
            <param index="0">
              <value>
                <![CDATA[org.testng.TestRunner@3e4e4c1]]>
              </value>
            </param>
          </params>
          <reporter-output>
          </reporter-output>
        </test-method> <!-- setUpClass -->
        <test-method signature="runScenario(io.cucumber.testng.PickleWrapper, io.cucumber.testng.FeatureWrapper)[pri:0, instance:com.automation.runner.TestRunner@14fa86ae]" started-at="2024-09-17T21:06:42Z" name="runScenario" description="Runs Cucumber Scenarios" data-provider="scenarios" finished-at="2024-09-17T21:08:05Z" duration-ms="83266" status="PASS">
          <params>
            <param index="0">
              <value>
                <![CDATA["Successful login with valid credentials"]]>
              </value>
            </param>
            <param index="1">
              <value>
                <![CDATA["Login to SauceDemo"]]>
              </value>
            </param>
          </params>
          <reporter-output>
          </reporter-output>
        </test-method> <!-- runScenario -->
        <test-method signature="runScenario(io.cucumber.testng.PickleWrapper, io.cucumber.testng.FeatureWrapper)[pri:0, instance:com.automation.runner.TestRunner@14fa86ae]" started-at="2024-09-17T21:08:05Z" name="runScenario" description="Runs Cucumber Scenarios" data-provider="scenarios" finished-at="2024-09-17T21:09:12Z" duration-ms="66870" status="PASS">
          <params>
            <param index="0">
              <value>
                <![CDATA["Failed login with invalid credentials"]]>
              </value>
            </param>
            <param index="1">
              <value>
                <![CDATA["Login to SauceDemo"]]>
              </value>
            </param>
          </params>
          <reporter-output>
          </reporter-output>
        </test-method> <!-- runScenario -->
        <test-method signature="runScenario(io.cucumber.testng.PickleWrapper, io.cucumber.testng.FeatureWrapper)[pri:0, instance:com.automation.runner.TestRunner@14fa86ae]" started-at="2024-09-17T21:09:12Z" name="runScenario" description="Runs Cucumber Scenarios" data-provider="scenarios" finished-at="2024-09-17T21:10:02Z" duration-ms="49875" status="PASS">
          <params>
            <param index="0">
              <value>
                <![CDATA["Successfully place an order and checkout"]]>
              </value>
            </param>
            <param index="1">
              <value>
                <![CDATA["Place an order and checkout"]]>
              </value>
            </param>
          </params>
          <reporter-output>
          </reporter-output>
        </test-method> <!-- runScenario -->
        <test-method is-config="true" signature="tearDownClass()[pri:0, instance:com.automation.runner.TestRunner@14fa86ae]" started-at="2024-09-17T21:10:02Z" name="tearDownClass" finished-at="2024-09-17T21:10:04Z" duration-ms="2108" status="PASS">
          <reporter-output>
          </reporter-output>
        </test-method> <!-- tearDownClass -->
      </class> <!-- com.automation.runner.TestRunner -->
    </test> <!-- Default test -->
  </suite> <!-- Default suite -->
</testng-results>
